2018/01/04 14:34:43 [warning] [application] Error al establecer unsafe al atributo "measurement_unit" de "Products".
in C:\xampp\htdocs\uhff\uhff\protected\controllers\ProductsController.php (97)
in C:\xampp\htdocs\uhff\uhff\index.php (13)
2018/01/04 14:34:43 [warning] [application] Error al establecer unsafe al atributo "image" de "Products".
in C:\xampp\htdocs\uhff\uhff\protected\controllers\ProductsController.php (97)
in C:\xampp\htdocs\uhff\uhff\index.php (13)
2018/01/04 14:38:27 [error] [php] Undefined variable: i (C:\xampp\htdocs\uhff\uhff\protected\views\productPriceByStore\admin.php:24)
Stack trace:
#0 C:\xampp\htdocs\uhff\framework\web\CController.php(872): ProductPriceByStoreController->renderFile()
#1 C:\xampp\htdocs\uhff\framework\web\CController.php(785): ProductPriceByStoreController->renderPartial()
#2 C:\xampp\htdocs\uhff\uhff\protected\controllers\ProductPriceByStoreController.php(141): ProductPriceByStoreController->render()
#3 C:\xampp\htdocs\uhff\framework\web\actions\CInlineAction.php(49): ProductPriceByStoreController->actionAdmin()
#4 C:\xampp\htdocs\uhff\framework\web\CController.php(308): CInlineAction->runWithParams()
#5 C:\xampp\htdocs\uhff\framework\web\filters\CFilterChain.php(134): ProductPriceByStoreController->runAction()
#6 C:\xampp\htdocs\uhff\framework\web\filters\CFilter.php(40): CFilterChain->run()
#7 C:\xampp\htdocs\uhff\framework\web\CController.php(1148): CAccessControlFilter->filter()
#8 C:\xampp\htdocs\uhff\framework\web\filters\CInlineFilter.php(58): ProductPriceByStoreController->filterAccessControl()
#9 C:\xampp\htdocs\uhff\framework\web\filters\CFilterChain.php(131): CInlineFilter->filter()
#10 C:\xampp\htdocs\uhff\framework\web\CController.php(291): CFilterChain->run()
#11 C:\xampp\htdocs\uhff\framework\web\CController.php(265): ProductPriceByStoreController->runActionWithFilters()
#12 C:\xampp\htdocs\uhff\framework\web\CWebApplication.php(282): ProductPriceByStoreController->run()
#13 C:\xampp\htdocs\uhff\framework\web\CWebApplication.php(141): CWebApplication->runController()
#14 C:\xampp\htdocs\uhff\framework\base\CApplication.php(185): CWebApplication->processRequest()
#15 C:\xampp\htdocs\uhff\uhff\index.php(13): CWebApplication->run()
REQUEST_URI=/uhff/uhff/productPriceByStore/admin
in C:\xampp\htdocs\uhff\uhff\protected\views\productPriceByStore\admin.php (24)
in C:\xampp\htdocs\uhff\uhff\protected\controllers\ProductPriceByStoreController.php (141)
in C:\xampp\htdocs\uhff\uhff\index.php (13)
2018/01/04 14:38:29 [error] [php] Undefined variable: i (C:\xampp\htdocs\uhff\uhff\protected\views\productPriceByStore\admin.php:24)
Stack trace:
#0 C:\xampp\htdocs\uhff\framework\web\CController.php(872): ProductPriceByStoreController->renderFile()
#1 C:\xampp\htdocs\uhff\framework\web\CController.php(785): ProductPriceByStoreController->renderPartial()
#2 C:\xampp\htdocs\uhff\uhff\protected\controllers\ProductPriceByStoreController.php(141): ProductPriceByStoreController->render()
#3 C:\xampp\htdocs\uhff\framework\web\actions\CInlineAction.php(49): ProductPriceByStoreController->actionAdmin()
#4 C:\xampp\htdocs\uhff\framework\web\CController.php(308): CInlineAction->runWithParams()
#5 C:\xampp\htdocs\uhff\framework\web\filters\CFilterChain.php(134): ProductPriceByStoreController->runAction()
#6 C:\xampp\htdocs\uhff\framework\web\filters\CFilter.php(40): CFilterChain->run()
#7 C:\xampp\htdocs\uhff\framework\web\CController.php(1148): CAccessControlFilter->filter()
#8 C:\xampp\htdocs\uhff\framework\web\filters\CInlineFilter.php(58): ProductPriceByStoreController->filterAccessControl()
#9 C:\xampp\htdocs\uhff\framework\web\filters\CFilterChain.php(131): CInlineFilter->filter()
#10 C:\xampp\htdocs\uhff\framework\web\CController.php(291): CFilterChain->run()
#11 C:\xampp\htdocs\uhff\framework\web\CController.php(265): ProductPriceByStoreController->runActionWithFilters()
#12 C:\xampp\htdocs\uhff\framework\web\CWebApplication.php(282): ProductPriceByStoreController->run()
#13 C:\xampp\htdocs\uhff\framework\web\CWebApplication.php(141): CWebApplication->runController()
#14 C:\xampp\htdocs\uhff\framework\base\CApplication.php(185): CWebApplication->processRequest()
#15 C:\xampp\htdocs\uhff\uhff\index.php(13): CWebApplication->run()
REQUEST_URI=/uhff/uhff/productPriceByStore/admin
in C:\xampp\htdocs\uhff\uhff\protected\views\productPriceByStore\admin.php (24)
in C:\xampp\htdocs\uhff\uhff\protected\controllers\ProductPriceByStoreController.php (141)
in C:\xampp\htdocs\uhff\uhff\index.php (13)
